<?xml version="1.0" encoding="UTF-8"?>
<testsuite name="com.blibli.academy.project.core.AcademyProjectCoreApplicationTests" time="0.024" tests="1" errors="1" skipped="0" failures="0">
  <properties>
[...]
</properties>
  <testcase name="initializationError" classname="com.blibli.academy.project.core.AcademyProjectCoreApplicationTests" time="0.024">
    <error message="Unable to find a @SpringBootConfiguration, you need to use @ContextConfiguration or @SpringBootTest(classes=...) with your test" type="java.lang.IllegalStateException"><![CDATA[java.lang.IllegalStateException: Unable to find a @SpringBootConfiguration, you need to use @ContextConfiguration or @SpringBootTest(classes=...) with your test
	at org.springframework.util.Assert.state(Assert.java:70)
	at org.springframework.boot.test.context.SpringBootTestContextBootstrapper.getOrFindConfigurationClasses(SpringBootTestContextBootstrapper.java:202)
	at org.springframework.boot.test.context.SpringBootTestContextBootstrapper.processMergedContextConfiguration(SpringBootTestContextBootstrapper.java:137)
	at org.springframework.test.context.support.AbstractTestContextBootstrapper.buildMergedContextConfiguration(AbstractTestContextBootstrapper.java:409)
	at org.springframework.test.context.support.AbstractTestContextBootstrapper.buildDefaultMergedContextConfiguration(AbstractTestContextBootstrapper.java:323)
	at org.springframework.test.context.support.AbstractTestContextBootstrapper.buildMergedContextConfiguration(AbstractTestContextBootstrapper.java:277)
	at org.springframework.test.context.support.AbstractTestContextBootstrapper.buildTestContext(AbstractTestContextBootstrapper.java:112)
	at org.springframework.boot.test.context.SpringBootTestContextBootstrapper.buildTestContext(SpringBootTestContextBootstrapper.java:82)
	at org.springframework.test.context.TestContextManager.<init>(TestContextManager.java:120)
	at org.springframework.test.context.TestContextManager.<init>(TestContextManager.java:105)
	at org.springframework.test.context.junit4.SpringJUnit4ClassRunner.createTestContextManager(SpringJUnit4ClassRunner.java:152)
	at org.springframework.test.context.junit4.SpringJUnit4ClassRunner.<init>(SpringJUnit4ClassRunner.java:143)
	at org.springframework.test.context.junit4.SpringRunner.<init>(SpringRunner.java:49)
	at sun.reflect.NativeConstructorAccessorImpl.newInstance0(Native Method)
	at sun.reflect.NativeConstructorAccessorImpl.newInstance(NativeConstructorAccessorImpl.java:62)
	at sun.reflect.DelegatingConstructorAccessorImpl.newInstance(DelegatingConstructorAccessorImpl.java:45)
	at java.lang.reflect.Constructor.newInstance(Constructor.java:423)
	at org.junit.internal.builders.AnnotatedBuilder.buildRunner(AnnotatedBuilder.java:104)
	at org.junit.internal.builders.AnnotatedBuilder.runnerForClass(AnnotatedBuilder.java:86)
	at org.junit.runners.model.RunnerBuilder.safeRunnerForClass(RunnerBuilder.java:59)
	at org.junit.internal.builders.AllDefaultPossibilitiesBuilder.runnerForClass(AllDefaultPossibilitiesBuilder.java:26)
	at org.junit.runners.model.RunnerBuilder.safeRunnerForClass(RunnerBuilder.java:59)
	at org.junit.internal.requests.ClassRequest.getRunner(ClassRequest.java:33)
	at org.apache.maven.surefire.junit4.JUnit4Provider.execute(JUnit4Provider.java:283)
	at org.apache.maven.surefire.junit4.JUnit4Provider.executeWithRerun(JUnit4Provider.java:173)
	at org.apache.maven.surefire.junit4.JUnit4Provider.executeTestSet(JUnit4Provider.java:153)
	at org.apache.maven.surefire.junit4.JUnit4Provider.invoke(JUnit4Provider.java:128)
	at org.apache.maven.surefire.booter.ForkedBooter.invokeProviderInSameClassLoader(ForkedBooter.java:203)
	at org.apache.maven.surefire.booter.ForkedBooter.runSuitesInProcess(ForkedBooter.java:155)
	at org.apache.maven.surefire.booter.ForkedBooter.main(ForkedBooter.java:103)
]]></error>
    <system-out><![CDATA[14:57:09.382 [main] DEBUG org.springframework.test.context.junit4.SpringJUnit4ClassRunner - SpringJUnit4ClassRunner constructor called with [class com.blibli.academy.project.core.AcademyProjectCoreApplicationTests]
14:57:09.497 [main] DEBUG org.springframework.test.context.BootstrapUtils - Instantiating CacheAwareContextLoaderDelegate from class [org.springframework.test.context.cache.DefaultCacheAwareContextLoaderDelegate]
14:57:09.609 [main] DEBUG org.springframework.test.context.BootstrapUtils - Instantiating BootstrapContext using constructor [public org.springframework.test.context.support.DefaultBootstrapContext(java.lang.Class,org.springframework.test.context.CacheAwareContextLoaderDelegate)]
14:57:09.647 [main] DEBUG org.springframework.test.context.BootstrapUtils - Instantiating TestContextBootstrapper for test class [com.blibli.academy.project.core.AcademyProjectCoreApplicationTests] from class [org.springframework.boot.test.context.SpringBootTestContextBootstrapper]
14:57:09.716 [main] INFO org.springframework.boot.test.context.SpringBootTestContextBootstrapper - Neither @ContextConfiguration nor @ContextHierarchy found for test class [com.blibli.academy.project.core.AcademyProjectCoreApplicationTests], using SpringBootContextLoader
14:57:09.742 [main] DEBUG org.springframework.test.context.support.AbstractContextLoader - Did not detect default resource location for test class [com.blibli.academy.project.core.AcademyProjectCoreApplicationTests]: class path resource [com/blibli/academy/project/core/AcademyProjectCoreApplicationTests-context.xml] does not exist
14:57:09.742 [main] DEBUG org.springframework.test.context.support.AbstractContextLoader - Did not detect default resource location for test class [com.blibli.academy.project.core.AcademyProjectCoreApplicationTests]: class path resource [com/blibli/academy/project/core/AcademyProjectCoreApplicationTestsContext.groovy] does not exist
14:57:09.743 [main] INFO org.springframework.test.context.support.AbstractContextLoader - Could not detect default resource locations for test class [com.blibli.academy.project.core.AcademyProjectCoreApplicationTests]: no resource found for suffixes {-context.xml, Context.groovy}.
14:57:09.744 [main] INFO org.springframework.test.context.support.AnnotationConfigContextLoaderUtils - Could not detect default configuration classes for test class [com.blibli.academy.project.core.AcademyProjectCoreApplicationTests]: AcademyProjectCoreApplicationTests does not declare any static, non-private, non-final, nested classes annotated with @Configuration.
14:57:10.460 [main] DEBUG org.springframework.test.context.support.ActiveProfilesUtils - Could not find an 'annotation declaring class' for annotation type [org.springframework.test.context.ActiveProfiles] and class [com.blibli.academy.project.core.AcademyProjectCoreApplicationTests]
14:57:10.480 [main] DEBUG org.springframework.core.env.StandardEnvironment - Adding [systemProperties] PropertySource with lowest search precedence
14:57:10.486 [main] DEBUG org.springframework.core.env.StandardEnvironment - Adding [systemEnvironment] PropertySource with lowest search precedence
14:57:10.487 [main] DEBUG org.springframework.core.env.StandardEnvironment - Initialized StandardEnvironment with PropertySources [systemProperties,systemEnvironment]
14:57:10.564 [main] DEBUG org.springframework.core.io.support.PathMatchingResourcePatternResolver - Resolved classpath location [com/blibli/academy/project/core/] to resources [URL [file:/D:/project/academy-project-core/target/test-classes/com/blibli/academy/project/core/]]
14:57:10.564 [main] DEBUG org.springframework.core.io.support.PathMatchingResourcePatternResolver - Looking for matching resources in directory tree [D:\project\academy-project-core\target\test-classes\com\blibli\academy\project\core]
14:57:10.565 [main] DEBUG org.springframework.core.io.support.PathMatchingResourcePatternResolver - Searching directory [D:\project\academy-project-core\target\test-classes\com\blibli\academy\project\core] for files matching pattern [D:/project/academy-project-core/target/test-classes/com/blibli/academy/project/core/*.class]
14:57:10.567 [main] DEBUG org.springframework.core.io.support.PathMatchingResourcePatternResolver - Resolved location pattern [classpath*:com/blibli/academy/project/core/*.class] to resources [file [D:\project\academy-project-core\target\test-classes\com\blibli\academy\project\core\AcademyProjectCoreApplicationTests.class]]
14:57:10.587 [main] DEBUG org.springframework.core.io.support.PathMatchingResourcePatternResolver - Resolved classpath location [com/blibli/academy/project/] to resources [URL [file:/D:/project/academy-project-core/target/test-classes/com/blibli/academy/project/], URL [file:/D:/project/academy-project-core/target/classes/com/blibli/academy/project/]]
14:57:10.587 [main] DEBUG org.springframework.core.io.support.PathMatchingResourcePatternResolver - Looking for matching resources in directory tree [D:\project\academy-project-core\target\test-classes\com\blibli\academy\project]
14:57:10.587 [main] DEBUG org.springframework.core.io.support.PathMatchingResourcePatternResolver - Searching directory [D:\project\academy-project-core\target\test-classes\com\blibli\academy\project] for files matching pattern [D:/project/academy-project-core/target/test-classes/com/blibli/academy/project/*.class]
14:57:10.588 [main] DEBUG org.springframework.core.io.support.PathMatchingResourcePatternResolver - Looking for matching resources in directory tree [D:\project\academy-project-core\target\classes\com\blibli\academy\project]
14:57:10.588 [main] DEBUG org.springframework.core.io.support.PathMatchingResourcePatternResolver - Searching directory [D:\project\academy-project-core\target\classes\com\blibli\academy\project] for files matching pattern [D:/project/academy-project-core/target/classes/com/blibli/academy/project/*.class]
14:57:10.592 [main] DEBUG org.springframework.core.io.support.PathMatchingResourcePatternResolver - Resolved location pattern [classpath*:com/blibli/academy/project/*.class] to resources []
14:57:10.594 [main] DEBUG org.springframework.core.io.support.PathMatchingResourcePatternResolver - Resolved classpath location [com/blibli/academy/] to resources [URL [file:/D:/project/academy-project-core/target/test-classes/com/blibli/academy/], URL [file:/D:/project/academy-project-core/target/classes/com/blibli/academy/]]
14:57:10.595 [main] DEBUG org.springframework.core.io.support.PathMatchingResourcePatternResolver - Looking for matching resources in directory tree [D:\project\academy-project-core\target\test-classes\com\blibli\academy]
14:57:10.595 [main] DEBUG org.springframework.core.io.support.PathMatchingResourcePatternResolver - Searching directory [D:\project\academy-project-core\target\test-classes\com\blibli\academy] for files matching pattern [D:/project/academy-project-core/target/test-classes/com/blibli/academy/*.class]
14:57:10.595 [main] DEBUG org.springframework.core.io.support.PathMatchingResourcePatternResolver - Looking for matching resources in directory tree [D:\project\academy-project-core\target\classes\com\blibli\academy]
14:57:10.596 [main] DEBUG org.springframework.core.io.support.PathMatchingResourcePatternResolver - Searching directory [D:\project\academy-project-core\target\classes\com\blibli\academy] for files matching pattern [D:/project/academy-project-core/target/classes/com/blibli/academy/*.class]
14:57:10.596 [main] DEBUG org.springframework.core.io.support.PathMatchingResourcePatternResolver - Resolved location pattern [classpath*:com/blibli/academy/*.class] to resources []
14:57:10.597 [main] DEBUG org.springframework.core.io.support.PathMatchingResourcePatternResolver - Resolved classpath location [com/blibli/] to resources [URL [file:/D:/project/academy-project-core/target/test-classes/com/blibli/], URL [file:/D:/project/academy-project-core/target/classes/com/blibli/]]
14:57:10.597 [main] DEBUG org.springframework.core.io.support.PathMatchingResourcePatternResolver - Looking for matching resources in directory tree [D:\project\academy-project-core\target\test-classes\com\blibli]
14:57:10.598 [main] DEBUG org.springframework.core.io.support.PathMatchingResourcePatternResolver - Searching directory [D:\project\academy-project-core\target\test-classes\com\blibli] for files matching pattern [D:/project/academy-project-core/target/test-classes/com/blibli/*.class]
14:57:10.599 [main] DEBUG org.springframework.core.io.support.PathMatchingResourcePatternResolver - Looking for matching resources in directory tree [D:\project\academy-project-core\target\classes\com\blibli]
14:57:10.599 [main] DEBUG org.springframework.core.io.support.PathMatchingResourcePatternResolver - Searching directory [D:\project\academy-project-core\target\classes\com\blibli] for files matching pattern [D:/project/academy-project-core/target/classes/com/blibli/*.class]
14:57:10.599 [main] DEBUG org.springframework.core.io.support.PathMatchingResourcePatternResolver - Resolved location pattern [classpath*:com/blibli/*.class] to resources []
14:57:10.603 [main] DEBUG org.springframework.core.io.support.PathMatchingResourcePatternResolver - Resolved classpath location [com/] to resources [URL [file:/D:/project/academy-project-core/target/test-classes/com/], URL [file:/D:/project/academy-project-core/target/classes/com/], URL [jar:file:/D:/Program%20Files/Apache/maven-repository/com/fasterxml/jackson/core/jackson-databind/2.8.9/jackson-databind-2.8.9.jar!/com/], URL [jar:file:/D:/Program%20Files/Apache/maven-repository/com/fasterxml/jackson/core/jackson-core/2.8.9/jackson-core-2.8.9.jar!/com/], URL [jar:file:/D:/Program%20Files/Apache/maven-repository/com/fasterxml/jackson/core/jackson-annotations/2.9.5/jackson-annotations-2.9.5.jar!/com/], URL [jar:file:/D:/Program%20Files/Apache/maven-repository/com/github/pagehelper/pagehelper-spring-boot-autoconfigure/1.2.1/pagehelper-spring-boot-autoconfigure-1.2.1.jar!/com/], URL [jar:file:/D:/Program%20Files/Apache/maven-repository/com/github/pagehelper/pagehelper/5.1.1/pagehelper-5.1.1.jar!/com/], URL [jar:file:/D:/Program%20Files/Apache/maven-repository/mysql/mysql-connector-java/5.1.43/mysql-connector-java-5.1.43.jar!/com/], URL [jar:file:/D:/Program%20Files/Apache/maven-repository/com/alibaba/fastjson/1.2.32/fastjson-1.2.32.jar!/com/], URL [jar:file:/D:/Program%20Files/Apache/maven-repository/com/alibaba/druid/0.2.26/druid-0.2.26.jar!/com/], URL [jar:file:/D:/Program%20Files/Apache/maven-repository/com/google/guava/guava/18.0/guava-18.0.jar!/com/], URL [jar:file:/D:/Program%20Files/Apache/maven-repository/com/fasterxml/classmate/1.3.3/classmate-1.3.3.jar!/com/], URL [jar:file:/D:/Program%20Files/Apache/maven-repository/com/qiniu/qiniu-java-sdk/7.2.10/qiniu-java-sdk-7.2.10.jar!/com/], URL [jar:file:/D:/Program%20Files/Apache/maven-repository/com/google/code/gson/gson/2.8.1/gson-2.8.1.jar!/com/], URL [jar:file:/D:/Program%20Files/Apache/maven-repository/com/aliyun/aliyun-java-sdk-dysmsapi/1.1.0/aliyun-java-sdk-dysmsapi-1.1.0.jar!/com/], URL [jar:file:/D:/Program%20Files/Apache/maven-repository/com/aliyun/aliyun-java-sdk-core/4.0.1/aliyun-java-sdk-core-4.0.1.jar!/com/], URL [jar:file:/D:/Program%20Files/Apache/maven-repository/com/sun/xml/bind/jaxb-core/2.3.0/jaxb-core-2.3.0.jar!/com/], URL [jar:file:/D:/Program%20Files/Apache/maven-repository/com/sun/xml/bind/jaxb-impl/2.3.0/jaxb-impl-2.3.0.jar!/com/], URL [jar:file:/D:/Program%20Files/Apache/maven-repository/javax/activation/activation/1.1.1/activation-1.1.1.jar!/com/], URL [jar:file:/D:/Program%20Files/Apache/maven-repository/org/projectlombok/lombok/1.16.18/lombok-1.16.18.jar!/com/], URL [jar:file:/D:/Program%20Files/Apache/maven-repository/com/jayway/jsonpath/json-path/2.2.0/json-path-2.2.0.jar!/com/]]
14:57:10.603 [main] DEBUG org.springframework.core.io.support.PathMatchingResourcePatternResolver - Looking for matching resources in directory tree [D:\project\academy-project-core\target\test-classes\com]
14:57:10.604 [main] DEBUG org.springframework.core.io.support.PathMatchingResourcePatternResolver - Searching directory [D:\project\academy-project-core\target\test-classes\com] for files matching pattern [D:/project/academy-project-core/target/test-classes/com/*.class]
14:57:10.605 [main] DEBUG org.springframework.core.io.support.PathMatchingResourcePatternResolver - Looking for matching resources in directory tree [D:\project\academy-project-core\target\classes\com]
14:57:10.605 [main] DEBUG org.springframework.core.io.support.PathMatchingResourcePatternResolver - Searching directory [D:\project\academy-project-core\target\classes\com] for files matching pattern [D:/project/academy-project-core/target/classes/com/*.class]
14:57:10.606 [main] DEBUG org.springframework.core.io.support.PathMatchingResourcePatternResolver - Looking for matching resources in jar file [file:/D:/Program%20Files/Apache/maven-repository/com/fasterxml/jackson/core/jackson-databind/2.8.9/jackson-databind-2.8.9.jar]
14:57:10.622 [main] DEBUG org.springframework.core.io.support.PathMatchingResourcePatternResolver - Looking for matching resources in jar file [file:/D:/Program%20Files/Apache/maven-repository/com/fasterxml/jackson/core/jackson-core/2.8.9/jackson-core-2.8.9.jar]
14:57:10.624 [main] DEBUG org.springframework.core.io.support.PathMatchingResourcePatternResolver - Looking for matching resources in jar file [file:/D:/Program%20Files/Apache/maven-repository/com/fasterxml/jackson/core/jackson-annotations/2.9.5/jackson-annotations-2.9.5.jar]
14:57:10.627 [main] DEBUG org.springframework.core.io.support.PathMatchingResourcePatternResolver - Looking for matching resources in jar file [file:/D:/Program%20Files/Apache/maven-repository/com/github/pagehelper/pagehelper-spring-boot-autoconfigure/1.2.1/pagehelper-spring-boot-autoconfigure-1.2.1.jar]
14:57:10.628 [main] DEBUG org.springframework.core.io.support.PathMatchingResourcePatternResolver - Looking for matching resources in jar file [file:/D:/Program%20Files/Apache/maven-repository/com/github/pagehelper/pagehelper/5.1.1/pagehelper-5.1.1.jar]
14:57:10.629 [main] DEBUG org.springframework.core.io.support.PathMatchingResourcePatternResolver - Looking for matching resources in jar file [file:/D:/Program%20Files/Apache/maven-repository/mysql/mysql-connector-java/5.1.43/mysql-connector-java-5.1.43.jar]
14:57:10.637 [main] DEBUG org.springframework.core.io.support.PathMatchingResourcePatternResolver - Looking for matching resources in jar file [file:/D:/Program%20Files/Apache/maven-repository/com/alibaba/fastjson/1.2.32/fastjson-1.2.32.jar]
14:57:10.637 [main] DEBUG org.springframework.core.io.support.PathMatchingResourcePatternResolver - Looking for matching resources in jar file [file:/D:/Program%20Files/Apache/maven-repository/com/alibaba/druid/0.2.26/druid-0.2.26.jar]
14:57:10.643 [main] DEBUG org.springframework.core.io.support.PathMatchingResourcePatternResolver - Looking for matching resources in jar file [file:/D:/Program%20Files/Apache/maven-repository/com/google/guava/guava/18.0/guava-18.0.jar]
14:57:10.710 [main] DEBUG org.springframework.core.io.support.PathMatchingResourcePatternResolver - Looking for matching resources in jar file [file:/D:/Program%20Files/Apache/maven-repository/com/fasterxml/classmate/1.3.3/classmate-1.3.3.jar]
14:57:10.711 [main] DEBUG org.springframework.core.io.support.PathMatchingResourcePatternResolver - Looking for matching resources in jar file [file:/D:/Program%20Files/Apache/maven-repository/com/qiniu/qiniu-java-sdk/7.2.10/qiniu-java-sdk-7.2.10.jar]
14:57:10.712 [main] DEBUG org.springframework.core.io.support.PathMatchingResourcePatternResolver - Looking for matching resources in jar file [file:/D:/Program%20Files/Apache/maven-repository/com/google/code/gson/gson/2.8.1/gson-2.8.1.jar]
14:57:10.724 [main] DEBUG org.springframework.core.io.support.PathMatchingResourcePatternResolver - Looking for matching resources in jar file [file:/D:/Program%20Files/Apache/maven-repository/com/aliyun/aliyun-java-sdk-dysmsapi/1.1.0/aliyun-java-sdk-dysmsapi-1.1.0.jar]
14:57:10.726 [main] DEBUG org.springframework.core.io.support.PathMatchingResourcePatternResolver - Looking for matching resources in jar file [file:/D:/Program%20Files/Apache/maven-repository/com/aliyun/aliyun-java-sdk-core/4.0.1/aliyun-java-sdk-core-4.0.1.jar]
14:57:10.729 [main] DEBUG org.springframework.core.io.support.PathMatchingResourcePatternResolver - Looking for matching resources in jar file [file:/D:/Program%20Files/Apache/maven-repository/com/sun/xml/bind/jaxb-core/2.3.0/jaxb-core-2.3.0.jar]
14:57:10.741 [main] DEBUG org.springframework.core.io.support.PathMatchingResourcePatternResolver - Looking for matching resources in jar file [file:/D:/Program%20Files/Apache/maven-repository/com/sun/xml/bind/jaxb-impl/2.3.0/jaxb-impl-2.3.0.jar]
14:57:10.782 [main] DEBUG org.springframework.core.io.support.PathMatchingResourcePatternResolver - Looking for matching resources in jar file [file:/D:/Program%20Files/Apache/maven-repository/javax/activation/activation/1.1.1/activation-1.1.1.jar]
14:57:10.783 [main] DEBUG org.springframework.core.io.support.PathMatchingResourcePatternResolver - Looking for matching resources in jar file [file:/D:/Program%20Files/Apache/maven-repository/org/projectlombok/lombok/1.16.18/lombok-1.16.18.jar]
14:57:10.785 [main] DEBUG org.springframework.core.io.support.PathMatchingResourcePatternResolver - Looking for matching resources in jar file [file:/D:/Program%20Files/Apache/maven-repository/com/jayway/jsonpath/json-path/2.2.0/json-path-2.2.0.jar]
14:57:10.799 [main] DEBUG org.springframework.core.io.support.PathMatchingResourcePatternResolver - Resolved location pattern [classpath*:com/*.class] to resources []
14:57:10.815 [main] DEBUG org.springframework.test.context.junit4.SpringJUnit4ClassRunner - SpringJUnit4ClassRunner constructor called with [class com.blibli.academy.project.core.AcademyProjectCoreApplicationTests]
14:57:10.821 [main] DEBUG org.springframework.test.context.BootstrapUtils - Instantiating CacheAwareContextLoaderDelegate from class [org.springframework.test.context.cache.DefaultCacheAwareContextLoaderDelegate]
14:57:10.821 [main] DEBUG org.springframework.test.context.BootstrapUtils - Instantiating BootstrapContext using constructor [public org.springframework.test.context.support.DefaultBootstrapContext(java.lang.Class,org.springframework.test.context.CacheAwareContextLoaderDelegate)]
14:57:10.824 [main] DEBUG org.springframework.test.context.BootstrapUtils - Instantiating TestContextBootstrapper for test class [com.blibli.academy.project.core.AcademyProjectCoreApplicationTests] from class [org.springframework.boot.test.context.SpringBootTestContextBootstrapper]
14:57:10.825 [main] INFO org.springframework.boot.test.context.SpringBootTestContextBootstrapper - Neither @ContextConfiguration nor @ContextHierarchy found for test class [com.blibli.academy.project.core.AcademyProjectCoreApplicationTests], using SpringBootContextLoader
14:57:10.829 [main] DEBUG org.springframework.test.context.support.AbstractContextLoader - Did not detect default resource location for test class [com.blibli.academy.project.core.AcademyProjectCoreApplicationTests]: class path resource [com/blibli/academy/project/core/AcademyProjectCoreApplicationTests-context.xml] does not exist
14:57:10.830 [main] DEBUG org.springframework.test.context.support.AbstractContextLoader - Did not detect default resource location for test class [com.blibli.academy.project.core.AcademyProjectCoreApplicationTests]: class path resource [com/blibli/academy/project/core/AcademyProjectCoreApplicationTestsContext.groovy] does not exist
14:57:10.831 [main] INFO org.springframework.test.context.support.AbstractContextLoader - Could not detect default resource locations for test class [com.blibli.academy.project.core.AcademyProjectCoreApplicationTests]: no resource found for suffixes {-context.xml, Context.groovy}.
14:57:10.833 [main] INFO org.springframework.test.context.support.AnnotationConfigContextLoaderUtils - Could not detect default configuration classes for test class [com.blibli.academy.project.core.AcademyProjectCoreApplicationTests]: AcademyProjectCoreApplicationTests does not declare any static, non-private, non-final, nested classes annotated with @Configuration.
14:57:10.877 [main] DEBUG org.springframework.test.context.support.ActiveProfilesUtils - Could not find an 'annotation declaring class' for annotation type [org.springframework.test.context.ActiveProfiles] and class [com.blibli.academy.project.core.AcademyProjectCoreApplicationTests]
14:57:10.877 [main] DEBUG org.springframework.core.env.StandardEnvironment - Adding [systemProperties] PropertySource with lowest search precedence
14:57:10.877 [main] DEBUG org.springframework.core.env.StandardEnvironment - Adding [systemEnvironment] PropertySource with lowest search precedence
14:57:10.878 [main] DEBUG org.springframework.core.env.StandardEnvironment - Initialized StandardEnvironment with PropertySources [systemProperties,systemEnvironment]
14:57:10.878 [main] DEBUG org.springframework.core.io.support.PathMatchingResourcePatternResolver - Resolved classpath location [com/blibli/academy/project/core/] to resources [URL [file:/D:/project/academy-project-core/target/test-classes/com/blibli/academy/project/core/]]
14:57:10.879 [main] DEBUG org.springframework.core.io.support.PathMatchingResourcePatternResolver - Looking for matching resources in directory tree [D:\project\academy-project-core\target\test-classes\com\blibli\academy\project\core]
14:57:10.879 [main] DEBUG org.springframework.core.io.support.PathMatchingResourcePatternResolver - Searching directory [D:\project\academy-project-core\target\test-classes\com\blibli\academy\project\core] for files matching pattern [D:/project/academy-project-core/target/test-classes/com/blibli/academy/project/core/*.class]
14:57:10.885 [main] DEBUG org.springframework.core.io.support.PathMatchingResourcePatternResolver - Resolved location pattern [classpath*:com/blibli/academy/project/core/*.class] to resources [file [D:\project\academy-project-core\target\test-classes\com\blibli\academy\project\core\AcademyProjectCoreApplicationTests.class]]
14:57:10.888 [main] DEBUG org.springframework.core.io.support.PathMatchingResourcePatternResolver - Resolved classpath location [com/blibli/academy/project/] to resources [URL [file:/D:/project/academy-project-core/target/test-classes/com/blibli/academy/project/], URL [file:/D:/project/academy-project-core/target/classes/com/blibli/academy/project/]]
14:57:10.888 [main] DEBUG org.springframework.core.io.support.PathMatchingResourcePatternResolver - Looking for matching resources in directory tree [D:\project\academy-project-core\target\test-classes\com\blibli\academy\project]
14:57:10.888 [main] DEBUG org.springframework.core.io.support.PathMatchingResourcePatternResolver - Searching directory [D:\project\academy-project-core\target\test-classes\com\blibli\academy\project] for files matching pattern [D:/project/academy-project-core/target/test-classes/com/blibli/academy/project/*.class]
14:57:10.889 [main] DEBUG org.springframework.core.io.support.PathMatchingResourcePatternResolver - Looking for matching resources in directory tree [D:\project\academy-project-core\target\classes\com\blibli\academy\project]
14:57:10.890 [main] DEBUG org.springframework.core.io.support.PathMatchingResourcePatternResolver - Searching directory [D:\project\academy-project-core\target\classes\com\blibli\academy\project] for files matching pattern [D:/project/academy-project-core/target/classes/com/blibli/academy/project/*.class]
14:57:10.933 [main] DEBUG org.springframework.core.io.support.PathMatchingResourcePatternResolver - Resolved location pattern [classpath*:com/blibli/academy/project/*.class] to resources []
14:57:10.934 [main] DEBUG org.springframework.core.io.support.PathMatchingResourcePatternResolver - Resolved classpath location [com/blibli/academy/] to resources [URL [file:/D:/project/academy-project-core/target/test-classes/com/blibli/academy/], URL [file:/D:/project/academy-project-core/target/classes/com/blibli/academy/]]
14:57:10.936 [main] DEBUG org.springframework.core.io.support.PathMatchingResourcePatternResolver - Looking for matching resources in directory tree [D:\project\academy-project-core\target\test-classes\com\blibli\academy]
14:57:10.938 [main] DEBUG org.springframework.core.io.support.PathMatchingResourcePatternResolver - Searching directory [D:\project\academy-project-core\target\test-classes\com\blibli\academy] for files matching pattern [D:/project/academy-project-core/target/test-classes/com/blibli/academy/*.class]
14:57:10.938 [main] DEBUG org.springframework.core.io.support.PathMatchingResourcePatternResolver - Looking for matching resources in directory tree [D:\project\academy-project-core\target\classes\com\blibli\academy]
14:57:10.939 [main] DEBUG org.springframework.core.io.support.PathMatchingResourcePatternResolver - Searching directory [D:\project\academy-project-core\target\classes\com\blibli\academy] for files matching pattern [D:/project/academy-project-core/target/classes/com/blibli/academy/*.class]
14:57:10.939 [main] DEBUG org.springframework.core.io.support.PathMatchingResourcePatternResolver - Resolved location pattern [classpath*:com/blibli/academy/*.class] to resources []
14:57:10.939 [main] DEBUG org.springframework.core.io.support.PathMatchingResourcePatternResolver - Resolved classpath location [com/blibli/] to resources [URL [file:/D:/project/academy-project-core/target/test-classes/com/blibli/], URL [file:/D:/project/academy-project-core/target/classes/com/blibli/]]
14:57:10.940 [main] DEBUG org.springframework.core.io.support.PathMatchingResourcePatternResolver - Looking for matching resources in directory tree [D:\project\academy-project-core\target\test-classes\com\blibli]
14:57:10.940 [main] DEBUG org.springframework.core.io.support.PathMatchingResourcePatternResolver - Searching directory [D:\project\academy-project-core\target\test-classes\com\blibli] for files matching pattern [D:/project/academy-project-core/target/test-classes/com/blibli/*.class]
14:57:10.940 [main] DEBUG org.springframework.core.io.support.PathMatchingResourcePatternResolver - Looking for matching resources in directory tree [D:\project\academy-project-core\target\classes\com\blibli]
14:57:10.940 [main] DEBUG org.springframework.core.io.support.PathMatchingResourcePatternResolver - Searching directory [D:\project\academy-project-core\target\classes\com\blibli] for files matching pattern [D:/project/academy-project-core/target/classes/com/blibli/*.class]
14:57:10.945 [main] DEBUG org.springframework.core.io.support.PathMatchingResourcePatternResolver - Resolved location pattern [classpath*:com/blibli/*.class] to resources []
14:57:10.946 [main] DEBUG org.springframework.core.io.support.PathMatchingResourcePatternResolver - Resolved classpath location [com/] to resources [URL [file:/D:/project/academy-project-core/target/test-classes/com/], URL [file:/D:/project/academy-project-core/target/classes/com/], URL [jar:file:/D:/Program%20Files/Apache/maven-repository/com/fasterxml/jackson/core/jackson-databind/2.8.9/jackson-databind-2.8.9.jar!/com/], URL [jar:file:/D:/Program%20Files/Apache/maven-repository/com/fasterxml/jackson/core/jackson-core/2.8.9/jackson-core-2.8.9.jar!/com/], URL [jar:file:/D:/Program%20Files/Apache/maven-repository/com/fasterxml/jackson/core/jackson-annotations/2.9.5/jackson-annotations-2.9.5.jar!/com/], URL [jar:file:/D:/Program%20Files/Apache/maven-repository/com/github/pagehelper/pagehelper-spring-boot-autoconfigure/1.2.1/pagehelper-spring-boot-autoconfigure-1.2.1.jar!/com/], URL [jar:file:/D:/Program%20Files/Apache/maven-repository/com/github/pagehelper/pagehelper/5.1.1/pagehelper-5.1.1.jar!/com/], URL [jar:file:/D:/Program%20Files/Apache/maven-repository/mysql/mysql-connector-java/5.1.43/mysql-connector-java-5.1.43.jar!/com/], URL [jar:file:/D:/Program%20Files/Apache/maven-repository/com/alibaba/fastjson/1.2.32/fastjson-1.2.32.jar!/com/], URL [jar:file:/D:/Program%20Files/Apache/maven-repository/com/alibaba/druid/0.2.26/druid-0.2.26.jar!/com/], URL [jar:file:/D:/Program%20Files/Apache/maven-repository/com/google/guava/guava/18.0/guava-18.0.jar!/com/], URL [jar:file:/D:/Program%20Files/Apache/maven-repository/com/fasterxml/classmate/1.3.3/classmate-1.3.3.jar!/com/], URL [jar:file:/D:/Program%20Files/Apache/maven-repository/com/qiniu/qiniu-java-sdk/7.2.10/qiniu-java-sdk-7.2.10.jar!/com/], URL [jar:file:/D:/Program%20Files/Apache/maven-repository/com/google/code/gson/gson/2.8.1/gson-2.8.1.jar!/com/], URL [jar:file:/D:/Program%20Files/Apache/maven-repository/com/aliyun/aliyun-java-sdk-dysmsapi/1.1.0/aliyun-java-sdk-dysmsapi-1.1.0.jar!/com/], URL [jar:file:/D:/Program%20Files/Apache/maven-repository/com/aliyun/aliyun-java-sdk-core/4.0.1/aliyun-java-sdk-core-4.0.1.jar!/com/], URL [jar:file:/D:/Program%20Files/Apache/maven-repository/com/sun/xml/bind/jaxb-core/2.3.0/jaxb-core-2.3.0.jar!/com/], URL [jar:file:/D:/Program%20Files/Apache/maven-repository/com/sun/xml/bind/jaxb-impl/2.3.0/jaxb-impl-2.3.0.jar!/com/], URL [jar:file:/D:/Program%20Files/Apache/maven-repository/javax/activation/activation/1.1.1/activation-1.1.1.jar!/com/], URL [jar:file:/D:/Program%20Files/Apache/maven-repository/org/projectlombok/lombok/1.16.18/lombok-1.16.18.jar!/com/], URL [jar:file:/D:/Program%20Files/Apache/maven-repository/com/jayway/jsonpath/json-path/2.2.0/json-path-2.2.0.jar!/com/]]
14:57:10.949 [main] DEBUG org.springframework.core.io.support.PathMatchingResourcePatternResolver - Looking for matching resources in directory tree [D:\project\academy-project-core\target\test-classes\com]
14:57:10.951 [main] DEBUG org.springframework.core.io.support.PathMatchingResourcePatternResolver - Searching directory [D:\project\academy-project-core\target\test-classes\com] for files matching pattern [D:/project/academy-project-core/target/test-classes/com/*.class]
14:57:10.956 [main] DEBUG org.springframework.core.io.support.PathMatchingResourcePatternResolver - Looking for matching resources in directory tree [D:\project\academy-project-core\target\classes\com]
14:57:10.957 [main] DEBUG org.springframework.core.io.support.PathMatchingResourcePatternResolver - Searching directory [D:\project\academy-project-core\target\classes\com] for files matching pattern [D:/project/academy-project-core/target/classes/com/*.class]
14:57:10.958 [main] DEBUG org.springframework.core.io.support.PathMatchingResourcePatternResolver - Looking for matching resources in jar file [file:/D:/Program%20Files/Apache/maven-repository/com/fasterxml/jackson/core/jackson-databind/2.8.9/jackson-databind-2.8.9.jar]
14:57:10.975 [main] DEBUG org.springframework.core.io.support.PathMatchingResourcePatternResolver - Looking for matching resources in jar file [file:/D:/Program%20Files/Apache/maven-repository/com/fasterxml/jackson/core/jackson-core/2.8.9/jackson-core-2.8.9.jar]
14:57:10.987 [main] DEBUG org.springframework.core.io.support.PathMatchingResourcePatternResolver - Looking for matching resources in jar file [file:/D:/Program%20Files/Apache/maven-repository/com/fasterxml/jackson/core/jackson-annotations/2.9.5/jackson-annotations-2.9.5.jar]
14:57:10.987 [main] DEBUG org.springframework.core.io.support.PathMatchingResourcePatternResolver - Looking for matching resources in jar file [file:/D:/Program%20Files/Apache/maven-repository/com/github/pagehelper/pagehelper-spring-boot-autoconfigure/1.2.1/pagehelper-spring-boot-autoconfigure-1.2.1.jar]
14:57:10.988 [main] DEBUG org.springframework.core.io.support.PathMatchingResourcePatternResolver - Looking for matching resources in jar file [file:/D:/Program%20Files/Apache/maven-repository/com/github/pagehelper/pagehelper/5.1.1/pagehelper-5.1.1.jar]
14:57:10.993 [main] DEBUG org.springframework.core.io.support.PathMatchingResourcePatternResolver - Looking for matching resources in jar file [file:/D:/Program%20Files/Apache/maven-repository/mysql/mysql-connector-java/5.1.43/mysql-connector-java-5.1.43.jar]
14:57:10.994 [main] DEBUG org.springframework.core.io.support.PathMatchingResourcePatternResolver - Looking for matching resources in jar file [file:/D:/Program%20Files/Apache/maven-repository/com/alibaba/fastjson/1.2.32/fastjson-1.2.32.jar]
14:57:10.995 [main] DEBUG org.springframework.core.io.support.PathMatchingResourcePatternResolver - Looking for matching resources in jar file [file:/D:/Program%20Files/Apache/maven-repository/com/alibaba/druid/0.2.26/druid-0.2.26.jar]
14:57:10.998 [main] DEBUG org.springframework.core.io.support.PathMatchingResourcePatternResolver - Looking for matching resources in jar file [file:/D:/Program%20Files/Apache/maven-repository/com/google/guava/guava/18.0/guava-18.0.jar]
14:57:11.006 [main] DEBUG org.springframework.core.io.support.PathMatchingResourcePatternResolver - Looking for matching resources in jar file [file:/D:/Program%20Files/Apache/maven-repository/com/fasterxml/classmate/1.3.3/classmate-1.3.3.jar]
14:57:11.006 [main] DEBUG org.springframework.core.io.support.PathMatchingResourcePatternResolver - Looking for matching resources in jar file [file:/D:/Program%20Files/Apache/maven-repository/com/qiniu/qiniu-java-sdk/7.2.10/qiniu-java-sdk-7.2.10.jar]
14:57:11.007 [main] DEBUG org.springframework.core.io.support.PathMatchingResourcePatternResolver - Looking for matching resources in jar file [file:/D:/Program%20Files/Apache/maven-repository/com/google/code/gson/gson/2.8.1/gson-2.8.1.jar]
14:57:11.008 [main] DEBUG org.springframework.core.io.support.PathMatchingResourcePatternResolver - Looking for matching resources in jar file [file:/D:/Program%20Files/Apache/maven-repository/com/aliyun/aliyun-java-sdk-dysmsapi/1.1.0/aliyun-java-sdk-dysmsapi-1.1.0.jar]
14:57:11.008 [main] DEBUG org.springframework.core.io.support.PathMatchingResourcePatternResolver - Looking for matching resources in jar file [file:/D:/Program%20Files/Apache/maven-repository/com/aliyun/aliyun-java-sdk-core/4.0.1/aliyun-java-sdk-core-4.0.1.jar]
14:57:11.009 [main] DEBUG org.springframework.core.io.support.PathMatchingResourcePatternResolver - Looking for matching resources in jar file [file:/D:/Program%20Files/Apache/maven-repository/com/sun/xml/bind/jaxb-core/2.3.0/jaxb-core-2.3.0.jar]
14:57:11.010 [main] DEBUG org.springframework.core.io.support.PathMatchingResourcePatternResolver - Looking for matching resources in jar file [file:/D:/Program%20Files/Apache/maven-repository/com/sun/xml/bind/jaxb-impl/2.3.0/jaxb-impl-2.3.0.jar]
14:57:11.016 [main] DEBUG org.springframework.core.io.support.PathMatchingResourcePatternResolver - Looking for matching resources in jar file [file:/D:/Program%20Files/Apache/maven-repository/javax/activation/activation/1.1.1/activation-1.1.1.jar]
14:57:11.017 [main] DEBUG org.springframework.core.io.support.PathMatchingResourcePatternResolver - Looking for matching resources in jar file [file:/D:/Program%20Files/Apache/maven-repository/org/projectlombok/lombok/1.16.18/lombok-1.16.18.jar]
14:57:11.020 [main] DEBUG org.springframework.core.io.support.PathMatchingResourcePatternResolver - Looking for matching resources in jar file [file:/D:/Program%20Files/Apache/maven-repository/com/jayway/jsonpath/json-path/2.2.0/json-path-2.2.0.jar]
14:57:11.021 [main] DEBUG org.springframework.core.io.support.PathMatchingResourcePatternResolver - Resolved location pattern [classpath*:com/*.class] to resources []
]]></system-out>
  </testcase>
</testsuite>